2019-04-02 08:28:36.423  INFO 8480 --- [restartedMain] com.mybaitspuls.demo.DemoApplication     : Starting DemoApplication on PC-20180510IBRX with PID 8480 (D:\demo\target\classes started by Administrator in D:\demo)
2019-04-02 08:28:36.495  INFO 8480 --- [restartedMain] com.mybaitspuls.demo.DemoApplication     : No active profile set, falling back to default profiles: default
2019-04-02 08:28:37.084  INFO 8480 --- [restartedMain] .e.DevToolsPropertyDefaultsPostProcessor : Devtools property defaults active! Set 'spring.devtools.add-properties' to 'false' to disable
2019-04-02 08:28:37.084  INFO 8480 --- [restartedMain] .e.DevToolsPropertyDefaultsPostProcessor : For additional web related logging consider setting the 'logging.level.web' property to 'DEBUG'
2019-04-02 08:28:41.406  INFO 8480 --- [restartedMain] trationDelegate$BeanPostProcessorChecker : Bean 'org.springframework.transaction.annotation.ProxyTransactionManagementConfiguration' of type [org.springframework.transaction.annotation.ProxyTransactionManagementConfiguration$$EnhancerBySpringCGLIB$$a973e23a] is not eligible for getting processed by all BeanPostProcessors (for example: not eligible for auto-proxying)
2019-04-02 08:28:42.724  INFO 8480 --- [restartedMain] o.s.b.w.embedded.tomcat.TomcatWebServer  : Tomcat initialized with port(s): 8080 (http)
2019-04-02 08:28:42.816  INFO 8480 --- [restartedMain] o.apache.catalina.core.StandardService   : Starting service [Tomcat]
2019-04-02 08:28:42.817  INFO 8480 --- [restartedMain] org.apache.catalina.core.StandardEngine  : Starting Servlet Engine: Apache Tomcat/9.0.13
2019-04-02 08:28:42.851  INFO 8480 --- [restartedMain] o.a.catalina.core.AprLifecycleListener   : The APR based Apache Tomcat Native library which allows optimal performance in production environments was not found on the java.library.path: [F:\jdk1.8-0-31\bin;C:\Windows\Sun\Java\bin;C:\Windows\system32;C:\Windows;D:\hadoop-2.7.3\hadoop-2.7.3\bin;F:\Python27\;F:\Python27\Scripts;C:\Windows\system32;C:\Windows;C:\Windows\System32\Wbem;C:\Windows\System32\WindowsPowerShell\v1.0\;F:\jdk1.8-0-31\bin;F:\apache-maven-3.3.9\bin;F:\apache-tomcat\apache-tomcat-8080\bin;C:\Program Files\MySQL\MySQL Server 5.5\bin;F:\Git\cmd;F:\nodejs\;C:\Users\Administrator\AppData\Local\Microsoft\WindowsApps;C:\Users\Administrator\AppData\Local\GitHubDesktop\bin;C:\Users\Administrator\AppData\Roaming\npm;.]
2019-04-02 08:28:43.398  INFO 8480 --- [restartedMain] org.apache.jasper.servlet.TldScanner     : At least one JAR was scanned for TLDs yet contained no TLDs. Enable debug logging for this logger for a complete list of JARs that were scanned but no TLDs were found in them. Skipping unneeded JARs during scanning can improve startup time and JSP compilation time.
2019-04-02 08:28:43.424  INFO 8480 --- [restartedMain] o.a.c.c.C.[Tomcat].[localhost].[/]       : Initializing Spring embedded WebApplicationContext
2019-04-02 08:28:43.426  INFO 8480 --- [restartedMain] o.s.web.context.ContextLoader            : Root WebApplicationContext: initialization completed in 6341 ms
2019-04-02 08:28:44.390  INFO 8480 --- [restartedMain] com.zaxxer.hikari.HikariDataSource       : HikariPool-1 - Starting...
2019-04-02 08:28:44.392  WARN 8480 --- [restartedMain] com.zaxxer.hikari.util.DriverDataSource  : Registered driver with driverClassName=com.mysql.jdbc.Driver was not found, trying direct instantiation.
2019-04-02 08:28:44.889  INFO 8480 --- [restartedMain] com.zaxxer.hikari.HikariDataSource       : HikariPool-1 - Start completed.
2019-04-02 08:28:45.865  INFO 8480 --- [restartedMain] o.s.s.concurrent.ThreadPoolTaskExecutor  : Initializing ExecutorService 'applicationTaskExecutor'
2019-04-02 08:28:46.109  INFO 8480 --- [restartedMain] o.s.b.a.w.s.WelcomePageHandlerMapping    : Adding welcome page template: index
2019-04-02 08:28:46.469  INFO 8480 --- [restartedMain] o.s.b.d.a.OptionalLiveReloadServer       : LiveReload server is running on port 35729
2019-04-02 08:28:46.477  INFO 8480 --- [restartedMain] o.s.b.a.e.web.EndpointLinksResolver      : Exposing 2 endpoint(s) beneath base path '/actuator'
2019-04-02 08:28:46.629  INFO 8480 --- [restartedMain] o.s.b.w.embedded.tomcat.TomcatWebServer  : Tomcat started on port(s): 8080 (http) with context path ''
2019-04-02 08:28:46.631  INFO 8480 --- [restartedMain] com.mybaitspuls.demo.DemoApplication     : Started DemoApplication in 13.09 seconds (JVM running for 19.8)
2019-04-02 08:28:47.518  INFO 8480 --- [RMI TCP Connection(4)-127.0.0.1] o.a.c.c.C.[Tomcat].[localhost].[/]       : Initializing Spring DispatcherServlet 'dispatcherServlet'
2019-04-02 08:28:47.519  INFO 8480 --- [RMI TCP Connection(4)-127.0.0.1] o.s.web.servlet.DispatcherServlet        : Initializing Servlet 'dispatcherServlet'
2019-04-02 08:28:47.527  INFO 8480 --- [RMI TCP Connection(4)-127.0.0.1] o.s.web.servlet.DispatcherServlet        : Completed initialization in 8 ms
2019-04-02 08:28:59.114  INFO 8480 --- [http-nio-8080-exec-2] c.m.demo.controller.CommentController    : 用户请求：/user/toLogin
2019-04-02 08:29:05.641  INFO 8480 --- [http-nio-8080-exec-6] c.m.demo.controller.CommentController    : 用户请求：/user/toLogin
2019-04-02 08:29:10.549  INFO 8480 --- [http-nio-8080-exec-8] c.m.demo.controller.CommentController    : 用户请求：/user/login 参数：email :222,password:222
2019-04-02 08:29:10.689  INFO 8480 --- [http-nio-8080-exec-7] c.m.demo.controller.DynamicController    : 用户请求：/dy/showIndexDynamic,参数：pageNumbernull,viewNumber:null
2019-04-02 08:29:15.205  INFO 8480 --- [http-nio-8080-exec-3] c.m.demo.controller.DynamicController    : 用户请求：/dy/showIndexDynamic,参数：pageNumber1,viewNumber:null
2019-04-02 08:29:15.810  INFO 8480 --- [http-nio-8080-exec-2] c.m.demo.controller.DynamicController    : 用户请求：/dy/showIndexDynamic,参数：pageNumber2,viewNumber:null
2019-04-02 08:29:16.515  INFO 8480 --- [http-nio-8080-exec-4] c.m.demo.controller.DynamicController    : 用户请求：/dy/showIndexDynamic,参数：pageNumber3,viewNumber:null
2019-04-02 08:29:17.331  INFO 8480 --- [http-nio-8080-exec-5] c.m.demo.controller.DynamicController    : 用户请求：/dy/showIndexDynamic,参数：pageNumber4,viewNumber:null
2019-04-02 08:29:18.713  INFO 8480 --- [http-nio-8080-exec-6] c.m.demo.controller.DynamicController    : 用户请求：/dy/showIndexDynamic,参数：pageNumbernull,viewNumber:null
2019-04-02 08:30:16.465  INFO 3080 --- [main] c.m.demo.mapper.PictureMapperTest        : Starting PictureMapperTest on PC-20180510IBRX with PID 3080 (started by Administrator in D:\demo)
2019-04-02 08:30:16.469  INFO 3080 --- [main] c.m.demo.mapper.PictureMapperTest        : No active profile set, falling back to default profiles: default
2019-04-02 08:30:18.238  INFO 3080 --- [main] trationDelegate$BeanPostProcessorChecker : Bean 'org.springframework.transaction.annotation.ProxyTransactionManagementConfiguration' of type [org.springframework.transaction.annotation.ProxyTransactionManagementConfiguration$$EnhancerBySpringCGLIB$$78ed9e77] is not eligible for getting processed by all BeanPostProcessors (for example: not eligible for auto-proxying)
2019-04-02 08:30:18.526  INFO 3080 --- [main] com.zaxxer.hikari.HikariDataSource       : HikariPool-1 - Starting...
2019-04-02 08:30:18.535  WARN 3080 --- [main] com.zaxxer.hikari.util.DriverDataSource  : Registered driver with driverClassName=com.mysql.jdbc.Driver was not found, trying direct instantiation.
2019-04-02 08:30:19.041  INFO 3080 --- [main] com.zaxxer.hikari.HikariDataSource       : HikariPool-1 - Start completed.
2019-04-02 08:30:20.025  INFO 3080 --- [main] o.s.s.concurrent.ThreadPoolTaskExecutor  : Initializing ExecutorService 'applicationTaskExecutor'
2019-04-02 08:30:20.209  INFO 3080 --- [main] o.s.b.a.w.s.WelcomePageHandlerMapping    : Adding welcome page template: index
2019-04-02 08:30:20.984  INFO 3080 --- [main] o.s.b.a.e.web.EndpointLinksResolver      : Exposing 2 endpoint(s) beneath base path '/actuator'
2019-04-02 08:30:21.054  INFO 3080 --- [main] c.m.demo.mapper.PictureMapperTest        : Started PictureMapperTest in 5.036 seconds (JVM running for 5.979)
2019-04-02 08:30:21.338  INFO 3080 --- [main] .b.t.c.SpringBootTestContextBootstrapper : Neither @ContextConfiguration nor @ContextHierarchy found for test class [com.mybaitspuls.demo.service.DynamicServiceTest], using SpringBootContextLoader
2019-04-02 08:30:21.339  INFO 3080 --- [main] o.s.t.c.support.AbstractContextLoader    : Could not detect default resource locations for test class [com.mybaitspuls.demo.service.DynamicServiceTest]: no resource found for suffixes {-context.xml, Context.groovy}.
2019-04-02 08:30:21.339  INFO 3080 --- [main] t.c.s.AnnotationConfigContextLoaderUtils : Could not detect default configuration classes for test class [com.mybaitspuls.demo.service.DynamicServiceTest]: DynamicServiceTest does not declare any static, non-private, non-final, nested classes annotated with @Configuration.
2019-04-02 08:30:21.349  INFO 3080 --- [main] .b.t.c.SpringBootTestContextBootstrapper : Found @SpringBootConfiguration com.mybaitspuls.demo.DemoApplication for test class com.mybaitspuls.demo.service.DynamicServiceTest
2019-04-02 08:30:21.364  INFO 3080 --- [main] .b.t.c.SpringBootTestContextBootstrapper : Loaded default TestExecutionListener class names from location [META-INF/spring.factories]: [org.springframework.boot.test.mock.mockito.MockitoTestExecutionListener, org.springframework.boot.test.mock.mockito.ResetMocksTestExecutionListener, org.springframework.boot.test.autoconfigure.restdocs.RestDocsTestExecutionListener, org.springframework.boot.test.autoconfigure.web.client.MockRestServiceServerResetTestExecutionListener, org.springframework.boot.test.autoconfigure.web.servlet.MockMvcPrintOnlyOnFailureTestExecutionListener, org.springframework.boot.test.autoconfigure.web.servlet.WebDriverTestExecutionListener, org.springframework.test.context.web.ServletTestExecutionListener, org.springframework.test.context.support.DirtiesContextBeforeModesTestExecutionListener, org.springframework.test.context.support.DependencyInjectionTestExecutionListener, org.springframework.test.context.support.DirtiesContextTestExecutionListener, org.springframework.test.context.transaction.TransactionalTestExecutionListener, org.springframework.test.context.jdbc.SqlScriptsTestExecutionListener]
2019-04-02 08:30:21.365  INFO 3080 --- [main] .b.t.c.SpringBootTestContextBootstrapper : Using TestExecutionListeners: [org.springframework.test.context.web.ServletTestExecutionListener@2ac519dc, org.springframework.test.context.support.DirtiesContextBeforeModesTestExecutionListener@3d53e6f7, org.springframework.boot.test.mock.mockito.MockitoTestExecutionListener@1de4bee0, org.springframework.boot.test.autoconfigure.SpringBootDependencyInjectionTestExecutionListener@3ece79fe, org.springframework.test.context.support.DirtiesContextTestExecutionListener@3cc79c02, org.springframework.test.context.transaction.TransactionalTestExecutionListener@1e01b133, org.springframework.test.context.jdbc.SqlScriptsTestExecutionListener@262a1fad, org.springframework.boot.test.mock.mockito.ResetMocksTestExecutionListener@6be6931f, org.springframework.boot.test.autoconfigure.restdocs.RestDocsTestExecutionListener@6b4125ed, org.springframework.boot.test.autoconfigure.web.client.MockRestServiceServerResetTestExecutionListener@78da899f, org.springframework.boot.test.autoconfigure.web.servlet.MockMvcPrintOnlyOnFailureTestExecutionListener@e7b265e, org.springframework.boot.test.autoconfigure.web.servlet.WebDriverTestExecutionListener@51da32e5]
2019-04-02 08:30:21.475  INFO 3080 --- [main] .b.t.c.SpringBootTestContextBootstrapper : Neither @ContextConfiguration nor @ContextHierarchy found for test class [com.mybaitspuls.demo.service.PictureServiceTest], using SpringBootContextLoader
2019-04-02 08:30:21.476  INFO 3080 --- [main] o.s.t.c.support.AbstractContextLoader    : Could not detect default resource locations for test class [com.mybaitspuls.demo.service.PictureServiceTest]: no resource found for suffixes {-context.xml, Context.groovy}.
2019-04-02 08:30:21.476  INFO 3080 --- [main] t.c.s.AnnotationConfigContextLoaderUtils : Could not detect default configuration classes for test class [com.mybaitspuls.demo.service.PictureServiceTest]: PictureServiceTest does not declare any static, non-private, non-final, nested classes annotated with @Configuration.
2019-04-02 08:30:21.479  INFO 3080 --- [main] .b.t.c.SpringBootTestContextBootstrapper : Found @SpringBootConfiguration com.mybaitspuls.demo.DemoApplication for test class com.mybaitspuls.demo.service.PictureServiceTest
2019-04-02 08:30:21.481  INFO 3080 --- [main] .b.t.c.SpringBootTestContextBootstrapper : Loaded default TestExecutionListener class names from location [META-INF/spring.factories]: [org.springframework.boot.test.mock.mockito.MockitoTestExecutionListener, org.springframework.boot.test.mock.mockito.ResetMocksTestExecutionListener, org.springframework.boot.test.autoconfigure.restdocs.RestDocsTestExecutionListener, org.springframework.boot.test.autoconfigure.web.client.MockRestServiceServerResetTestExecutionListener, org.springframework.boot.test.autoconfigure.web.servlet.MockMvcPrintOnlyOnFailureTestExecutionListener, org.springframework.boot.test.autoconfigure.web.servlet.WebDriverTestExecutionListener, org.springframework.test.context.web.ServletTestExecutionListener, org.springframework.test.context.support.DirtiesContextBeforeModesTestExecutionListener, org.springframework.test.context.support.DependencyInjectionTestExecutionListener, org.springframework.test.context.support.DirtiesContextTestExecutionListener, org.springframework.test.context.transaction.TransactionalTestExecutionListener, org.springframework.test.context.jdbc.SqlScriptsTestExecutionListener]
2019-04-02 08:30:21.481  INFO 3080 --- [main] .b.t.c.SpringBootTestContextBootstrapper : Using TestExecutionListeners: [org.springframework.test.context.web.ServletTestExecutionListener@4f116ca2, org.springframework.test.context.support.DirtiesContextBeforeModesTestExecutionListener@125d47c4, org.springframework.boot.test.mock.mockito.MockitoTestExecutionListener@193bb809, org.springframework.boot.test.autoconfigure.SpringBootDependencyInjectionTestExecutionListener@64b018f3, org.springframework.test.context.support.DirtiesContextTestExecutionListener@20801cbb, org.springframework.test.context.transaction.TransactionalTestExecutionListener@581b1c08, org.springframework.test.context.jdbc.SqlScriptsTestExecutionListener@1c240cf2, org.springframework.boot.test.mock.mockito.ResetMocksTestExecutionListener@78b7f805, org.springframework.boot.test.autoconfigure.restdocs.RestDocsTestExecutionListener@58f2466c, org.springframework.boot.test.autoconfigure.web.client.MockRestServiceServerResetTestExecutionListener@5809fa26, org.springframework.boot.test.autoconfigure.web.servlet.MockMvcPrintOnlyOnFailureTestExecutionListener@64763e49, org.springframework.boot.test.autoconfigure.web.servlet.WebDriverTestExecutionListener@23468512]
2019-04-02 08:30:21.525  INFO 3080 --- [main] .b.t.c.SpringBootTestContextBootstrapper : Neither @ContextConfiguration nor @ContextHierarchy found for test class [com.mybaitspuls.demo.service.UserServiceTest], using SpringBootContextLoader
2019-04-02 08:30:21.528  INFO 3080 --- [main] o.s.t.c.support.AbstractContextLoader    : Could not detect default resource locations for test class [com.mybaitspuls.demo.service.UserServiceTest]: no resource found for suffixes {-context.xml, Context.groovy}.
2019-04-02 08:30:21.528  INFO 3080 --- [main] t.c.s.AnnotationConfigContextLoaderUtils : Could not detect default configuration classes for test class [com.mybaitspuls.demo.service.UserServiceTest]: UserServiceTest does not declare any static, non-private, non-final, nested classes annotated with @Configuration.
2019-04-02 08:30:21.529  INFO 3080 --- [main] .b.t.c.SpringBootTestContextBootstrapper : Found @SpringBootConfiguration com.mybaitspuls.demo.DemoApplication for test class com.mybaitspuls.demo.service.UserServiceTest
2019-04-02 08:30:21.531  INFO 3080 --- [main] .b.t.c.SpringBootTestContextBootstrapper : Loaded default TestExecutionListener class names from location [META-INF/spring.factories]: [org.springframework.boot.test.mock.mockito.MockitoTestExecutionListener, org.springframework.boot.test.mock.mockito.ResetMocksTestExecutionListener, org.springframework.boot.test.autoconfigure.restdocs.RestDocsTestExecutionListener, org.springframework.boot.test.autoconfigure.web.client.MockRestServiceServerResetTestExecutionListener, org.springframework.boot.test.autoconfigure.web.servlet.MockMvcPrintOnlyOnFailureTestExecutionListener, org.springframework.boot.test.autoconfigure.web.servlet.WebDriverTestExecutionListener, org.springframework.test.context.web.ServletTestExecutionListener, org.springframework.test.context.support.DirtiesContextBeforeModesTestExecutionListener, org.springframework.test.context.support.DependencyInjectionTestExecutionListener, org.springframework.test.context.support.DirtiesContextTestExecutionListener, org.springframework.test.context.transaction.TransactionalTestExecutionListener, org.springframework.test.context.jdbc.SqlScriptsTestExecutionListener]
2019-04-02 08:30:21.531  INFO 3080 --- [main] .b.t.c.SpringBootTestContextBootstrapper : Using TestExecutionListeners: [org.springframework.test.context.web.ServletTestExecutionListener@12219f6a, org.springframework.test.context.support.DirtiesContextBeforeModesTestExecutionListener@52d3fafd, org.springframework.boot.test.mock.mockito.MockitoTestExecutionListener@7f0b93b4, org.springframework.boot.test.autoconfigure.SpringBootDependencyInjectionTestExecutionListener@1376883, org.springframework.test.context.support.DirtiesContextTestExecutionListener@1f736d00, org.springframework.test.context.transaction.TransactionalTestExecutionListener@523a7801, org.springframework.test.context.jdbc.SqlScriptsTestExecutionListener@718fd7c1, org.springframework.boot.test.mock.mockito.ResetMocksTestExecutionListener@4bc6da03, org.springframework.boot.test.autoconfigure.restdocs.RestDocsTestExecutionListener@4f59a516, org.springframework.boot.test.autoconfigure.web.client.MockRestServiceServerResetTestExecutionListener@4e22368c, org.springframework.boot.test.autoconfigure.web.servlet.MockMvcPrintOnlyOnFailureTestExecutionListener@411cd156, org.springframework.boot.test.autoconfigure.web.servlet.WebDriverTestExecutionListener@3c770db4]
2019-04-02 08:30:21.648  INFO 3080 --- [Thread-5] o.s.s.concurrent.ThreadPoolTaskExecutor  : Shutting down ExecutorService 'applicationTaskExecutor'
2019-04-02 08:30:21.650  INFO 3080 --- [Thread-5] com.zaxxer.hikari.HikariDataSource       : HikariPool-1 - Shutdown initiated...
2019-04-02 08:30:21.677  INFO 3080 --- [Thread-5] com.zaxxer.hikari.HikariDataSource       : HikariPool-1 - Shutdown completed.
